Using pre-set license
Built from '2020.3/release' branch; Version is '2020.3.1f1 (77a89f25062f) revision 7841951'; Using compiler version '192528614'; Build Type 'Release'
OS: 'Windows 10 Pro Education; OS build 19042.1237; Version 2009; 64bit' Language: 'es' Physical Memory: 16296 MB
BatchMode: 1, IsHumanControllingUs: 0, StartBugReporterOnCrash: 0, Is64bit: 1, IsPro: 0

 COMMAND LINE ARGUMENTS:
C:\Program Files\Unity\Hub\Editor\2020.3.1f1\Editor\Unity.exe
-adb2
-batchMode
-noUpm
-name
AssetImportWorker0
-projectPath
D:/2ºAni/DEIM/PR01/PR01-DEIM/PRIMERAPRACTICA
-logFile
Logs/AssetImportWorker0.log
-srvPort
53325
Successfully changed project path to: D:/2ºAni/DEIM/PR01/PR01-DEIM/PRIMERAPRACTICA
D:/2ºAni/DEIM/PR01/PR01-DEIM/PRIMERAPRACTICA
Using Asset Import Pipeline V2.
Refreshing native plugins compatible for Editor in 19.53 ms, found 0 plugins.
Preloading 0 native plugins for Editor in 0.00 ms.
Initialize engine version: 2020.3.1f1 (77a89f25062f)
[Subsystems] Discovering subsystems at path C:/Program Files/Unity/Hub/Editor/2020.3.1f1/Editor/Data/Resources/UnitySubsystems
[Subsystems] Discovering subsystems at path D:/2ºAni/DEIM/PR01/PR01-DEIM/PRIMERAPRACTICA/Assets
GfxDevice: creating device client; threaded=0
Direct3D:
    Version:  Direct3D 11.0 [level 11.1]
    Renderer: NVIDIA GeForce GTX 1660 SUPER (ID=0x21c4)
    Vendor:   
    VRAM:     5991 MB
    Driver:   27.21.14.5730
Initialize mono
Mono path[0] = 'C:/Program Files/Unity/Hub/Editor/2020.3.1f1/Editor/Data/Managed'
Mono path[1] = 'C:/Program Files/Unity/Hub/Editor/2020.3.1f1/Editor/Data/MonoBleedingEdge/lib/mono/unityjit'
Mono config path = 'C:/Program Files/Unity/Hub/Editor/2020.3.1f1/Editor/Data/MonoBleedingEdge/etc'
Using monoOptions --debugger-agent=transport=dt_socket,embedding=1,server=y,suspend=n,address=127.0.0.1:56104
Begin MonoManager ReloadAssembly
Registering precompiled unity dll's ...
Register platform support module: C:/Program Files/Unity/Hub/Editor/2020.3.1f1/Editor/Data/PlaybackEngines/WindowsStandaloneSupport/UnityEditor.WindowsStandalone.Extensions.dll
Registered in 0.001445 seconds.
Native extension for WindowsStandalone target not found
Refreshing native plugins compatible for Editor in 20.31 ms, found 0 plugins.
Preloading 0 native plugins for Editor in 0.00 ms.
Invoked RoslynAnalysisRunner static constructor.
RoslynAnalysisRunner will not be running.
RoslynAnalysisRunner has terminated.
Mono: successfully reloaded assembly
- Completed reload, in  1.424 seconds
Platform modules already initialized, skipping
Registering precompiled user dll's ...
Registered in 0.000495 seconds.
Begin MonoManager ReloadAssembly
Native extension for WindowsStandalone target not found
Refreshing native plugins compatible for Editor in 0.20 ms, found 0 plugins.
Preloading 0 native plugins for Editor in 0.00 ms.
Invoked RoslynAnalysisRunner static constructor.
RoslynAnalysisRunner will not be running.
RoslynAnalysisRunner has terminated.
Mono: successfully reloaded assembly
- Completed reload, in  0.701 seconds
Platform modules already initialized, skipping
========================================================================
Worker process is ready to serve import requests
Launched and connected shader compiler UnityShaderCompiler.exe after 0.03 seconds
Refreshing native plugins compatible for Editor in 0.18 ms, found 0 plugins.
Preloading 0 native plugins for Editor in 0.00 ms.
Unloading 1114 Unused Serialized files (Serialized files now loaded: 0)
System memory in use before: 57.0 MB.
System memory in use after: 57.0 MB.

Unloading 10 unused Assets to reduce memory usage. Loaded Objects now: 1556.
Total: 1.596700 ms (FindLiveObjects: 0.107700 ms CreateObjectMapping: 0.025900 ms MarkObjects: 1.406500 ms  DeleteObjects: 0.055900 ms)

========================================================================
Received Import Request.
  path: Assets/Scripts
  artifactKey: Guid(c3f8e331dd2ba7c4b9e5169734ff1648) Importer(815301076,1909f56bfc062723c751e8b465ee728b)
Start importing Assets/Scripts using Guid(c3f8e331dd2ba7c4b9e5169734ff1648) Importer(815301076,1909f56bfc062723c751e8b465ee728b)  -> (artifact id: '1ed72e846322666baad2719765906363') in 0.008853 seconds
  Import took 0.010892 seconds .

========================================================================
Received Prepare
Registering precompiled user dll's ...
Registered in 0.000528 seconds.
Begin MonoManager ReloadAssembly
Native extension for WindowsStandalone target not found
Refreshing native plugins compatible for Editor in 0.19 ms, found 0 plugins.
Preloading 0 native plugins for Editor in 0.00 ms.
Invoked RoslynAnalysisRunner static constructor.
RoslynAnalysisRunner will not be running.
RoslynAnalysisRunner has terminated.
Mono: successfully reloaded assembly
- Completed reload, in  0.652 seconds
Platform modules already initialized, skipping
Refreshing native plugins compatible for Editor in 0.19 ms, found 0 plugins.
Preloading 0 native plugins for Editor in 0.00 ms.
Unloading 1109 Unused Serialized files (Serialized files now loaded: 0)
System memory in use before: 56.9 MB.
System memory in use after: 57.0 MB.

Unloading 5 unused Assets to reduce memory usage. Loaded Objects now: 1559.
Total: 1.509900 ms (FindLiveObjects: 0.128900 ms CreateObjectMapping: 0.033300 ms MarkObjects: 1.306800 ms  DeleteObjects: 0.040100 ms)

========================================================================
Received Import Request.
  Time since last request: 1489.055470 seconds.
  path: Assets/MiniPractica.cs
  artifactKey: Guid(9acc72aca3f46dd459bef3d4caaf24bd) Importer(815301076,1909f56bfc062723c751e8b465ee728b)
Start importing Assets/MiniPractica.cs using Guid(9acc72aca3f46dd459bef3d4caaf24bd) Importer(815301076,1909f56bfc062723c751e8b465ee728b)  -> (artifact id: '11b70d5f1c5969a3b7a70859b57fc9f2') in 0.029043 seconds
  Import took 0.031017 seconds .

========================================================================
Received Import Request.
  Time since last request: 4.435394 seconds.
  path: Assets/Scripts/MiniPractica.cs
  artifactKey: Guid(f384b18b3e9e95f458e57f52a462d7b3) Importer(815301076,1909f56bfc062723c751e8b465ee728b)
Start importing Assets/Scripts/MiniPractica.cs using Guid(f384b18b3e9e95f458e57f52a462d7b3) Importer(815301076,1909f56bfc062723c751e8b465ee728b)  -> (artifact id: 'db0ecf657d80916126cc8b0636f6c837') in 0.158485 seconds
  Import took 0.160400 seconds .

========================================================================
Received Import Request.
  Time since last request: 344.424741 seconds.
  path: Assets/MiniPractica.cs
  artifactKey: Guid(9acc72aca3f46dd459bef3d4caaf24bd) Importer(815301076,1909f56bfc062723c751e8b465ee728b)
Start importing Assets/MiniPractica.cs using Guid(9acc72aca3f46dd459bef3d4caaf24bd) Importer(815301076,1909f56bfc062723c751e8b465ee728b)  -> (artifact id: '2425f6a533347638fba865189cc9a32c') in 0.003430 seconds
  Import took 0.011653 seconds .

AssetImportWorkerClient::OnTransportError - code=2 error=End of file
